# JRE version: OpenJDK Runtime Environment (19.0.1+10) (build 19.0.1+10-21)
# Java VM: OpenJDK 64-Bit Server VM (19.0.1+10-21, mixed mode, sharing, tiered, compressed oops, compressed class ptrs, g1 gc, windows-amd64)
GC Precious Log:
 CardTable entry size: 512
 Card Set container configuration: InlinePtr #cards 4 size 8 Array Of Cards #cards 16 size 48 Howl #buckets 8 coarsen threshold 3686 Howl Bitmap #cards 512 size 80 coarsen threshold 460 Card regions per heap region 1 cards per card region 4096
 CPUs: 12 total, 12 available
 Memory: 16238M
 Large Page Support: Disabled
 NUMA Support: Disabled
 Compressed Oops: Enabled (Zero based)
 Heap Region Size: 2M
 Heap Min Capacity: 8M
 Heap Initial Capacity: 254M
 Heap Max Capacity: 4060M
 Pre-touch: Disabled
 Parallel Workers: 10
 Concurrent Workers: 3
 Concurrent Refinement Workers: 10
 Periodic GC: Disabled
Heap:
 garbage-first heap   total 321536K, used 217761K [0x0000000702400000, 0x0000000800000000)
  region size 2048K, 63 young (129024K), 1 survivors (2048K)
 Metaspace       used 40566K, committed 41088K, reserved 1114112K
  class space    used 4364K, committed 4608K, reserved 1048576K
GC Heap History (20 events):
Event: 55.905 GC heap before
{Heap before GC invocations=7 (full 0):
 garbage-first heap   total 55296K, used 34452K [0x0000000702400000, 0x0000000800000000)
  region size 2048K, 10 young (20480K), 1 survivors (2048K)
 Metaspace       used 32502K, committed 33088K, reserved 1114112K
  class space    used 3876K, committed 4160K, reserved 1048576K
}
Event: 55.908 GC heap after
{Heap after GC invocations=8 (full 0):
 garbage-first heap   total 55296K, used 18604K [0x0000000702400000, 0x0000000800000000)
  region size 2048K, 2 young (4096K), 2 survivors (4096K)
 Metaspace       used 32502K, committed 33088K, reserved 1114112K
  class space    used 3876K, committed 4160K, reserved 1048576K
}
Event: 56.351 GC heap before
{Heap before GC invocations=8 (full 0):
 garbage-first heap   total 55296K, used 37036K [0x0000000702400000, 0x0000000800000000)
  region size 2048K, 11 young (22528K), 2 survivors (4096K)
 Metaspace       used 33824K, committed 34368K, reserved 1114112K
  class space    used 4024K, committed 4288K, reserved 1048576K
}
Event: 56.355 GC heap after
{Heap after GC invocations=9 (full 0):
 garbage-first heap   total 55296K, used 18982K [0x0000000702400000, 0x0000000800000000)
  region size 2048K, 1 young (2048K), 1 survivors (2048K)
 Metaspace       used 33824K, committed 34368K, reserved 1114112K
  class space    used 4024K, committed 4288K, reserved 1048576K
}
Event: 56.583 GC heap before
{Heap before GC invocations=9 (full 0):
 garbage-first heap   total 55296K, used 35366K [0x0000000702400000, 0x0000000800000000)
  region size 2048K, 7 young (14336K), 1 survivors (2048K)
 Metaspace       used 34051K, committed 34624K, reserved 1114112K
  class space    used 4071K, committed 4352K, reserved 1048576K
}
Event: 56.585 GC heap after
{Heap after GC invocations=10 (full 0):
 garbage-first heap   total 55296K, used 23037K [0x0000000702400000, 0x0000000800000000)
  region size 2048K, 1 young (2048K), 1 survivors (2048K)
 Metaspace       used 34051K, committed 34624K, reserved 1114112K
  class space    used 4071K, committed 4352K, reserved 1048576K
}
Event: 56.589 GC heap before
{Heap before GC invocations=10 (full 0):
 garbage-first heap   total 55296K, used 29181K [0x0000000702400000, 0x0000000800000000)
  region size 2048K, 2 young (4096K), 1 survivors (2048K)
 Metaspace       used 34051K, committed 34624K, reserved 1114112K
  class space    used 4071K, committed 4352K, reserved 1048576K
}
Event: 56.590 GC heap after
{Heap after GC invocations=11 (full 0):
 garbage-first heap   total 55296K, used 25047K [0x0000000702400000, 0x0000000800000000)
  region size 2048K, 1 young (2048K), 1 survivors (2048K)
 Metaspace       used 34051K, committed 34624K, reserved 1114112K
  class space    used 4071K, committed 4352K, reserved 1048576K
}
Event: 56.595 GC heap before
{Heap before GC invocations=11 (full 0):
 garbage-first heap   total 55296K, used 35287K [0x0000000702400000, 0x0000000800000000)
  region size 2048K, 2 young (4096K), 1 survivors (2048K)
 Metaspace       used 34051K, committed 34624K, reserved 1114112K
  class space    used 4071K, committed 4352K, reserved 1048576K
}
Event: 56.599 GC heap after
{Heap after GC invocations=12 (full 0):
 garbage-first heap   total 157696K, used 29157K [0x0000000702400000, 0x0000000800000000)
  region size 2048K, 1 young (2048K), 1 survivors (2048K)
 Metaspace       used 34051K, committed 34624K, reserved 1114112K
  class space    used 4071K, committed 4352K, reserved 1048576K
}
Event: 56.631 GC heap before
{Heap before GC invocations=12 (full 0):
 garbage-first heap   total 157696K, used 47589K [0x0000000702400000, 0x0000000800000000)
  region size 2048K, 2 young (4096K), 1 survivors (2048K)
 Metaspace       used 34051K, committed 34624K, reserved 1114112K
  class space    used 4071K, committed 4352K, reserved 1048576K
}
Event: 56.634 GC heap after
{Heap after GC invocations=13 (full 0):
 garbage-first heap   total 157696K, used 37345K [0x0000000702400000, 0x0000000800000000)
  region size 2048K, 1 young (2048K), 1 survivors (2048K)
 Metaspace       used 34051K, committed 34624K, reserved 1114112K
  class space    used 4071K, committed 4352K, reserved 1048576K
}
Event: 56.948 GC heap before
{Heap before GC invocations=13 (full 0):
 garbage-first heap   total 157696K, used 78305K [0x0000000702400000, 0x0000000800000000)
  region size 2048K, 5 young (10240K), 1 survivors (2048K)
 Metaspace       used 34066K, committed 34624K, reserved 1114112K
  class space    used 4072K, committed 4352K, reserved 1048576K
}
Event: 56.955 GC heap after
{Heap after GC invocations=14 (full 0):
 garbage-first heap   total 157696K, used 55856K [0x0000000702400000, 0x0000000800000000)
  region size 2048K, 2 young (4096K), 2 survivors (4096K)
 Metaspace       used 34066K, committed 34624K, reserved 1114112K
  class space    used 4072K, committed 4352K, reserved 1048576K
}
Event: 56.958 GC heap before
{Heap before GC invocations=14 (full 0):
 garbage-first heap   total 157696K, used 68144K [0x0000000702400000, 0x0000000800000000)
  region size 2048K, 3 young (6144K), 2 survivors (4096K)
 Metaspace       used 34066K, committed 34624K, reserved 1114112K
  class space    used 4072K, committed 4352K, reserved 1048576K
}
Event: 56.961 GC heap after
{Heap after GC invocations=15 (full 0):
 garbage-first heap   total 157696K, used 59871K [0x0000000702400000, 0x0000000800000000)
  region size 2048K, 1 young (2048K), 1 survivors (2048K)
 Metaspace       used 34066K, committed 34624K, reserved 1114112K
  class space    used 4072K, committed 4352K, reserved 1048576K
}
Event: 56.966 GC heap before
{Heap before GC invocations=15 (full 0):
 garbage-first heap   total 157696K, used 70111K [0x0000000702400000, 0x0000000800000000)
  region size 2048K, 2 young (4096K), 1 survivors (2048K)
 Metaspace       used 34066K, committed 34624K, reserved 1114112K
  class space    used 4072K, committed 4352K, reserved 1048576K
}
Event: 56.971 GC heap after
{Heap after GC invocations=16 (full 0):
 garbage-first heap   total 436224K, used 63983K [0x0000000702400000, 0x0000000800000000)
  region size 2048K, 1 young (2048K), 1 survivors (2048K)
 Metaspace       used 34066K, committed 34624K, reserved 1114112K
  class space    used 4072K, committed 4352K, reserved 1048576K
}
Event: 57.847 GC heap before
{Heap before GC invocations=16 (full 0):
 garbage-first heap   total 436224K, used 133615K [0x0000000702400000, 0x0000000800000000)
  region size 2048K, 8 young (16384K), 1 survivors (2048K)
 Metaspace       used 35470K, committed 35968K, reserved 1114112K
  class space    used 4094K, committed 4352K, reserved 1048576K
}
Event: 57.851 GC heap after
{Heap after GC invocations=17 (full 0):
 garbage-first heap   total 436224K, used 92833K [0x0000000702400000, 0x0000000800000000)
  region size 2048K, 1 young (2048K), 1 survivors (2048K)
 Metaspace       used 35470K, committed 35968K, reserved 1114112K
  class space    used 4094K, committed 4352K, reserved 1048576K
}

